生成启动时间为 2019/8/21 12:41:42。
     1>项目“F:\刷题代码\整数转罗马数字\整数转罗马数字\整数转罗马数字.vcxproj”在节点 2 上(Build 个目标)。
     1>ClCompile:
         C:\Program Files (x86)\Microsoft Visual Studio 12.0\VC\bin\CL.exe /c /I"C:\Program Files (x86)\Visual Leak Detector\include" /ZI /nologo /W3 /WX- /sdl /Od /Oy- /D _UNICODE /D UNICODE /Gm /EHsc /RTC1 /MDd /GS /fp:precise /Zc:wchar_t /Zc:forScope /Fo"Debug\\" /Fd"Debug\vc120.pdb" /Gd /TC /analyze- /errorReport:prompt test.c
         test.c
     1>f:\刷题代码\整数转罗马数字\整数转罗马数字\test.c(48): warning C4047: “return”:“char *”与“char”的间接级别不同
     1>f:\刷题代码\整数转罗马数字\整数转罗马数字\test.c(53): warning C4047: “return”:“char *”与“char”的间接级别不同
     1>f:\刷题代码\整数转罗马数字\整数转罗马数字\test.c(58): warning C4047: “return”:“char *”与“char”的间接级别不同
     1>f:\刷题代码\整数转罗马数字\整数转罗马数字\test.c(63): warning C4047: “return”:“char *”与“char”的间接级别不同
     1>f:\刷题代码\整数转罗马数字\整数转罗马数字\test.c(68): warning C4047: “return”:“char *”与“char”的间接级别不同
     1>f:\刷题代码\整数转罗马数字\整数转罗马数字\test.c(73): warning C4047: “return”:“char *”与“char”的间接级别不同
     1>f:\刷题代码\整数转罗马数字\整数转罗马数字\test.c(78): warning C4047: “return”:“char *”与“char”的间接级别不同
     1>f:\刷题代码\整数转罗马数字\整数转罗马数字\test.c(83): warning C4047: “return”:“char *”与“char”的间接级别不同
     1>f:\刷题代码\整数转罗马数字\整数转罗马数字\test.c(88): warning C4047: “return”:“char *”与“char”的间接级别不同
       Link:
         C:\Program Files (x86)\Microsoft Visual Studio 12.0\VC\bin\link.exe /ERRORREPORT:PROMPT /OUT:"F:\刷题代码\整数转罗马数字\Debug\整数转罗马数字.exe" /INCREMENTAL /NOLOGO /LIBPATH:"C:\Program Files (x86)\Visual Leak Detector\lib\Win32" kernel32.lib user32.lib gdi32.lib winspool.lib comdlg32.lib advapi32.lib shell32.lib ole32.lib oleaut32.lib uuid.lib odbc32.lib odbccp32.lib /MANIFEST /MANIFESTUAC:"level='asInvoker' uiAccess='false'" /manifest:embed /DEBUG /PDB:"F:\刷题代码\整数转罗马数字\Debug\整数转罗马数字.pdb" /TLBID:1 /DYNAMICBASE /NXCOMPAT /IMPLIB:"F:\刷题代码\整数转罗马数字\Debug\整数转罗马数字.lib" /MACHINE:X86 Debug\test.obj
     1>LINK : fatal error LNK1561: 必须定义入口点
     1>已完成生成项目“F:\刷题代码\整数转罗马数字\整数转罗马数字\整数转罗马数字.vcxproj”(Build 个目标)的操作 - 失败。

生成失败。

已用时间 00:00:09.11
